## SLURM PROLOG ###############################################################
##    Job ID : 10275960
##  Job Name : dc_lenet_ex23_lr1e-6
##  Nodelist : gpu1402
##      CPUs : 
##  Mem/Node : 16384 MB
## Directory : /oscar/home/bspiegel/DeepCompose/experiments/run_scripts
##   Job Started : Sun Jun 25 11:12:16 EDT 2023
###############################################################################
module: loading 'anaconda/2022.05'
module: anaconda: "See https://docs.ccv.brown.edu/oscar/software/anaconda for potential issues on VNC and batch jobs"
module: loading 'cuda/7.5.18'
2023-06-25 11:12:22.242769: I tensorflow/core/platform/cpu_feature_guard.cc:182] This TensorFlow binary is optimized to use available CPU instructions in performance-critical operations.
To enable the following instructions: AVX2 AVX512F FMA, in other operations, rebuild TensorFlow with the appropriate compiler flags.
2023-06-25 11:12:23.933715: W tensorflow/compiler/tf2tensorrt/utils/py_utils.cc:38] TF-TRT Warning: Could not find TensorRT
Epoch 1 training: 2023-06-25 11:12:27
Average loss: 0.26421216130256653
Training Accuracy ===========
Total accuracy: 0.0683
Per-digit acc:  [0.6759     0.72826667 0.5491     0.52753333 0.67096667]
Test A Accuracy =============
Total accuracy: 0.0652
Per-digit acc:  [0.6674 0.7244 0.5388 0.522  0.675 ]
Test B Accuracy =============
Total accuracy: 0.0006
Per-digit acc:  [0.3344 0.3822 0.2588 0.3632 0.3526]
Epoch 2 training: 2023-06-25 11:14:18
Average loss: 0.23869168758392334
Training Accuracy ===========
Total accuracy: 0.0726
Per-digit acc:  [0.685      0.74053333 0.55313333 0.54173333 0.67706667]
Test A Accuracy =============
Total accuracy: 0.0664
Per-digit acc:  [0.6758 0.7334 0.54   0.533  0.6766]
Test B Accuracy =============
Total accuracy: 0.0002
Per-digit acc:  [0.3394 0.3898 0.2934 0.3466 0.352 ]
Epoch 3 training: 2023-06-25 11:15:13
Average loss: 0.22935177385807037
Training Accuracy ===========
Total accuracy: 0.08023333333333334
Per-digit acc:  [0.6949     0.7455     0.568      0.5473     0.68323333]
Test A Accuracy =============
Total accuracy: 0.0696
Per-digit acc:  [0.6842 0.7342 0.5494 0.5402 0.6834]
Test B Accuracy =============
Total accuracy: 0.0
Per-digit acc:  [0.3464 0.4034 0.2676 0.3922 0.3538]
Epoch 4 training: 2023-06-25 11:16:02
Average loss: 0.22250854969024658
Training Accuracy ===========
Total accuracy: 0.088
Per-digit acc:  [0.7082     0.751      0.58006667 0.559      0.68643333]
Test A Accuracy =============
Total accuracy: 0.0784
Per-digit acc:  [0.6924 0.7464 0.5584 0.5562 0.687 ]
Test B Accuracy =============
Total accuracy: 0.0
Per-digit acc:  [0.3436 0.4112 0.2476 0.3814 0.3542]
Epoch 5 training: 2023-06-25 11:16:51
Average loss: 0.2169567495584488
Training Accuracy ===========
Total accuracy: 0.09413333333333333
Per-digit acc:  [0.71336667 0.75636667 0.58673333 0.5691     0.69006667]
Test A Accuracy =============
Total accuracy: 0.085
Per-digit acc:  [0.698  0.7528 0.5664 0.563  0.6896]
Test B Accuracy =============
Total accuracy: 0.0
Per-digit acc:  [0.3674 0.4188 0.2708 0.3886 0.3576]
Epoch 6 training: 2023-06-25 11:17:40
Average loss: 0.21221257746219635
Training Accuracy ===========
Total accuracy: 0.10283333333333333
Per-digit acc:  [0.71983333 0.76453333 0.59566667 0.577      0.6934    ]
Test A Accuracy =============
Total accuracy: 0.0904
Per-digit acc:  [0.7064 0.7592 0.5742 0.571  0.6912]
Test B Accuracy =============
Total accuracy: 0.0002
Per-digit acc:  [0.3682 0.4394 0.2596 0.3924 0.3626]
Epoch 7 training: 2023-06-25 11:18:30
Average loss: 0.207950621843338
Training Accuracy ===========
Total accuracy: 0.11073333333333334
Per-digit acc:  [0.72793333 0.771      0.6023     0.58593333 0.6958    ]
Test A Accuracy =============
Total accuracy: 0.0956
Per-digit acc:  [0.714  0.7656 0.5758 0.5792 0.6902]
Test B Accuracy =============
Total accuracy: 0.0004
Per-digit acc:  [0.3762 0.451  0.2726 0.388  0.3734]
Epoch 8 training: 2023-06-25 11:19:19
Average loss: 0.2041090726852417
Training Accuracy ===========
Total accuracy: 0.11803333333333334
Per-digit acc:  [0.7351     0.77723333 0.61033333 0.59233333 0.69923333]
Test A Accuracy =============
Total accuracy: 0.1022
Per-digit acc:  [0.7194 0.773  0.5798 0.5836 0.694 ]
Test B Accuracy =============
Total accuracy: 0.001
Per-digit acc:  [0.3872 0.464  0.2376 0.4146 0.3748]
Epoch 9 training: 2023-06-25 11:20:09
Average loss: 0.20059144496917725
Training Accuracy ===========
Total accuracy: 0.12496666666666667
Per-digit acc:  [0.73936667 0.7894     0.6141     0.60113333 0.7037    ]
Test A Accuracy =============
Total accuracy: 0.1104
Per-digit acc:  [0.7218 0.7788 0.5848 0.5922 0.6966]
Test B Accuracy =============
Total accuracy: 0.0024
Per-digit acc:  [0.3798 0.507  0.2792 0.4168 0.3814]
Epoch 10 training: 2023-06-25 11:20:59
Average loss: 0.1973184049129486
Training Accuracy ===========
Total accuracy: 0.13443333333333332
Per-digit acc:  [0.74743333 0.79763333 0.62053333 0.6089     0.70566667]
Test A Accuracy =============
Total accuracy: 0.1188
Per-digit acc:  [0.729  0.7852 0.5906 0.5954 0.6966]
Test B Accuracy =============
Total accuracy: 0.0026
Per-digit acc:  [0.3988 0.5316 0.3    0.4062 0.3844]
Epoch 11 training: 2023-06-25 11:21:48
Average loss: 0.19420939683914185
Training Accuracy ===========
Total accuracy: 0.14333333333333334
Per-digit acc:  [0.75443333 0.80456667 0.62583333 0.61643333 0.70943333]
Test A Accuracy =============
Total accuracy: 0.1242
Per-digit acc:  [0.7324 0.7904 0.5914 0.6016 0.6994]
Test B Accuracy =============
Total accuracy: 0.0038
Per-digit acc:  [0.4082 0.5432 0.3274 0.4056 0.392 ]
Epoch 12 training: 2023-06-25 11:22:36
Average loss: 0.1912630796432495
Training Accuracy ===========
Total accuracy: 0.15136666666666668
Per-digit acc:  [0.7597     0.81013333 0.63343333 0.62303333 0.7128    ]
Test A Accuracy =============
Total accuracy: 0.1274
Per-digit acc:  [0.7362 0.7988 0.5966 0.6056 0.7036]
Test B Accuracy =============
Total accuracy: 0.0046
Per-digit acc:  [0.4114 0.5596 0.2944 0.4604 0.3968]
Epoch 13 training: 2023-06-25 11:23:26
Average loss: 0.18843233585357666
Training Accuracy ===========
Total accuracy: 0.16026666666666667
Per-digit acc:  [0.76596667 0.81576667 0.63793333 0.63123333 0.71616667]
Test A Accuracy =============
Total accuracy: 0.134
Per-digit acc:  [0.742  0.8022 0.6    0.6102 0.7038]
Test B Accuracy =============
Total accuracy: 0.0048
Per-digit acc:  [0.4282 0.5644 0.354  0.4196 0.4024]
Epoch 14 training: 2023-06-25 11:24:14
Average loss: 0.18575210869312286
Training Accuracy ===========
Total accuracy: 0.1684
Per-digit acc:  [0.76816667 0.82436667 0.64393333 0.6365     0.7191    ]
Test A Accuracy =============
Total accuracy: 0.1386
Per-digit acc:  [0.742  0.811  0.6054 0.6148 0.7074]
Test B Accuracy =============
Total accuracy: 0.0048
Per-digit acc:  [0.414  0.5994 0.2862 0.4508 0.4064]
Epoch 15 training: 2023-06-25 11:25:03
Average loss: 0.1831456869840622
Training Accuracy ===========
Total accuracy: 0.1792
Per-digit acc:  [0.7755     0.8347     0.64993333 0.64203333 0.72036667]
Test A Accuracy =============
Total accuracy: 0.148
Per-digit acc:  [0.7486 0.8176 0.6102 0.6166 0.7102]
Test B Accuracy =============
Total accuracy: 0.0052
Per-digit acc:  [0.4328 0.6536 0.3192 0.4668 0.394 ]
Epoch 16 training: 2023-06-25 11:25:54
